<?xml version="1.0" encoding="UTF-8"?>
<!-- Generated by org.testng.reporters.JUnitReportReporter -->
<testsuite hostname="DESKTOP-PQ40SA2" failures="0" tests="5" name="testCases.TC_003_LoginDDT" time="63.289" errors="0" timestamp="2021-06-06T12:11:21 IST" skipped="0">
  <testcase classname="testCases.TC_003_LoginDDT" name="test_LoginDDT" time="14.852"/>
  <testcase classname="testCases.TC_003_LoginDDT" name="test_LoginDDT" time="7.905"/>
  <testcase classname="testCases.TC_003_LoginDDT" name="test_LoginDDT" time="10.904"/>
  <testcase classname="testCases.TC_003_LoginDDT" name="test_LoginDDT" time="14.805"/>
  <testcase classname="testCases.TC_003_LoginDDT" name="test_LoginDDT" time="14.823"/>
</testsuite> <!-- testCases.TC_003_LoginDDT -->
