<?xml version="1.0" encoding="UTF-8"?>
<!-- Generated by org.testng.reporters.JUnitReportReporter -->
<testsuite hostname="DESKTOP-PQ40SA2" failures="0" tests="1" name="testCases.TC_001_AccountRegistration" time="13.317" errors="0" timestamp="2021-06-06T18:59:16 IST" skipped="0">
  <testcase classname="testCases.TC_001_AccountRegistration" name="test_account_registration" time="13.317"/>
</testsuite> <!-- testCases.TC_001_AccountRegistration -->
