<?xml version="1.0" encoding="UTF-8"?>
<!-- Generated by org.testng.reporters.JUnitReportReporter -->
<testsuite hostname="DESKTOP-PQ40SA2" failures="0" tests="1" name="testCases.TC_002_Login" time="15.189" errors="0" timestamp="2021-06-07T08:40:21 IST" skipped="0">
  <testcase classname="testCases.TC_002_Login" name="test_login" time="15.189"/>
</testsuite> <!-- testCases.TC_002_Login -->
